fold1
Accuracy: 80.198840 %
Sensitivity: 85.185185 %
Specificity: 64.359862 %
PPV: 88.361582 %
NPV: 57.763975 %
F1 Score: 86.744315 %
fold2
Accuracy: 79.701740 %
Sensitivity: 82.407407 %
Specificity: 71.107266 %
PPV: 90.059524 %
NPV: 55.994550 %
F1 Score: 86.063709 %
fold3
Accuracy: 79.784590 %
Sensitivity: 82.625272 %
Specificity: 70.761246 %
PPV: 89.976275 %
NPV: 56.181319 %
F1 Score: 86.144236 %
fold4
Accuracy: 79.908865 %
Sensitivity: 82.897603 %
Specificity: 70.415225 %
PPV: 89.899587 %
NPV: 56.449376 %
F1 Score: 86.256730 %
fold5
Accuracy: 79.743165 %
Sensitivity: 82.461874 %
Specificity: 71.107266 %
PPV: 90.065437 %
NPV: 56.070941 %
F1 Score: 86.096105 %
ENSEMBL MODEL:
Accuracy: 63.960232 %
Sensitivity: 71.241830 %
Specificity: 40.830450 %
PPV: 79.272727 %
NPV: 30.890052 %
F1 Score: 75.043029 %
